<?xml version="1.0" encoding="UTF-8"?>
<!-- Generated by org.testng.reporters.JUnitReportReporter -->
<testsuite hostname="jamesdeMacBook-Air.local" name="cn.ibm.testng.Template" tests="1" failures="0" timestamp="27 Sep 2015 03:46:33 GMT" time="10.844" errors="0">
  <testcase name="launchDevice" time="10.844" classname="cn.ibm.testng.Template"/>
</testsuite> <!-- cn.ibm.testng.Template -->
